Using pre-set license
Built from '2020.3/staging' branch; Version is '2020.3.13f1 (71691879b7f5) revision 7432472'; Using compiler version '192528614'; Build Type 'Release'
OS: 'Windows 10 Home; OS build 22000.556; Version 2009; 64bit' Language: 'en' Physical Memory: 65356 MB
BatchMode: 1, IsHumanControllingUs: 0, StartBugReporterOnCrash: 0, Is64bit: 1, IsPro: 0

 COMMAND LINE ARGUMENTS:
C:\Program Files\Unity\Hub\Editor\2020.3.13f1\Editor\Unity.exe
-adb2
-batchMode
-noUpm
-name
AssetImportWorker0
-projectPath
C:/Users/tommy/OneDrive/Documents/Games/2d-3d
-logFile
Logs/AssetImportWorker0.log
-srvPort
54647
Successfully changed project path to: C:/Users/tommy/OneDrive/Documents/Games/2d-3d
C:/Users/tommy/OneDrive/Documents/Games/2d-3d
Using Asset Import Pipeline V2.
Refreshing native plugins compatible for Editor in 25.05 ms, found 2 plugins.
Preloading 0 native plugins for Editor in 0.00 ms.
Initialize engine version: 2020.3.13f1 (71691879b7f5)
[Subsystems] Discovering subsystems at path C:/Program Files/Unity/Hub/Editor/2020.3.13f1/Editor/Data/Resources/UnitySubsystems
[Subsystems] Discovering subsystems at path C:/Users/tommy/OneDrive/Documents/Games/2d-3d/Assets
GfxDevice: creating device client; threaded=0
Direct3D:
    Version:  Direct3D 11.0 [level 11.1]
    Renderer: NVIDIA GeForce GTX 1660 Ti (ID=0x2191)
    Vendor:   
    VRAM:     5991 MB
    Driver:   30.0.14.9729
Initialize mono
Mono path[0] = 'C:/Program Files/Unity/Hub/Editor/2020.3.13f1/Editor/Data/Managed'
Mono path[1] = 'C:/Program Files/Unity/Hub/Editor/2020.3.13f1/Editor/Data/MonoBleedingEdge/lib/mono/unityjit'
Mono config path = 'C:/Program Files/Unity/Hub/Editor/2020.3.13f1/Editor/Data/MonoBleedingEdge/etc'
Using monoOptions --debugger-agent=transport=dt_socket,embedding=1,server=y,suspend=n,address=127.0.0.1:56564
Begin MonoManager ReloadAssembly
Registering precompiled unity dll's ...
Register platform support module: C:/Program Files/Unity/Hub/Editor/2020.3.13f1/Editor/Data/PlaybackEngines/WindowsStandaloneSupport/UnityEditor.WindowsStandalone.Extensions.dll
Registered in 0.001157 seconds.
Native extension for WindowsStandalone target not found
Refreshing native plugins compatible for Editor in 22.66 ms, found 2 plugins.
Preloading 0 native plugins for Editor in 0.00 ms.
Mono: successfully reloaded assembly
- Completed reload, in  0.914 seconds
Platform modules already initialized, skipping
Registering precompiled user dll's ...
Registered in 0.137379 seconds.
Begin MonoManager ReloadAssembly
Native extension for WindowsStandalone target not found
Refreshing native plugins compatible for Editor in 0.31 ms, found 2 plugins.
Preloading 0 native plugins for Editor in 0.00 ms.
Mono: successfully reloaded assembly
- Completed reload, in  0.921 seconds
Platform modules already initialized, skipping
========================================================================
Worker process is ready to serve import requests
Launched and connected shader compiler UnityShaderCompiler.exe after 0.07 seconds
Refreshing native plugins compatible for Editor in 0.54 ms, found 2 plugins.
Preloading 0 native plugins for Editor in 0.00 ms.
Unloading 1394 Unused Serialized files (Serialized files now loaded: 0)
System memory in use before: 64.7 MB.
System memory in use after: 64.8 MB.

Unloading 18 unused Assets to reduce memory usage. Loaded Objects now: 1828.
Total: 1.605600 ms (FindLiveObjects: 0.144200 ms CreateObjectMapping: 0.042100 ms MarkObjects: 1.367500 ms  DeleteObjects: 0.051000 ms)

AssetImportParameters requested are different than current active one (requested -> active):
  custom:framework-win-MediaFoundation: 216162199b28c13a410421893ffa2e32 -> 
  custom:video-decoder-ogg-theora: a1e56fd34408186e4bbccfd4996cb3dc -> 
  custom:container-muxer-webm: aa71ff27fc2769a1b78a27578f13a17b -> 
  custom:container-demuxer-webm: 4f35f7cbe854078d1ac9338744f61a02 -> 
  custom:container-demuxer-ogg: 62fdf1f143b41e24485cea50d1cbac27 -> 
  custom:video-encoder-webm-vp8: eb34c28f22e8b96e1ab97ce403110664 -> 
  custom:video-decoder-webm-vp8: 9c59270c3fd7afecdb556c50c9e8de78 -> 
  custom:audio-decoder-ogg-vorbis: bf7c407c2cedff20999df2af8eb42d56 -> 
  custom:audio-encoder-webm-vorbis: bf7c407c2cedff20999df2af8eb42d56 -> 
========================================================================
Received Import Request.
  path: Assets
  artifactKey: Guid(00000000000000001000000000000000) Importer(815301076,1909f56bfc062723c751e8b465ee728b)
Start importing Assets using Guid(00000000000000001000000000000000) Importer(815301076,1909f56bfc062723c751e8b465ee728b)  -> (artifact id: '42d402b061de3733987d63b9cc3b64de') in 0.007848 seconds 
  Import took 0.010421 seconds .

========================================================================
Received Prepare
Refreshing native plugins compatible for Editor in 2.42 ms, found 2 plugins.
Preloading 0 native plugins for Editor in 0.00 ms.
Unloading 11 Unused Serialized files (Serialized files now loaded: 0)
System memory in use before: 37.1 MB.
System memory in use after: 37.2 MB.

Unloading 11 unused Assets to reduce memory usage. Loaded Objects now: 1828.
Total: 1.640900 ms (FindLiveObjects: 0.158200 ms CreateObjectMapping: 0.047200 ms MarkObjects: 1.423600 ms  DeleteObjects: 0.011100 ms)

AssetImportParameters requested are different than current active one (requested -> active):
  custom:framework-win-MediaFoundation: 216162199b28c13a410421893ffa2e32 -> 
  custom:video-decoder-ogg-theora: a1e56fd34408186e4bbccfd4996cb3dc -> 
  custom:container-muxer-webm: aa71ff27fc2769a1b78a27578f13a17b -> 
  custom:container-demuxer-webm: 4f35f7cbe854078d1ac9338744f61a02 -> 
  custom:container-demuxer-ogg: 62fdf1f143b41e24485cea50d1cbac27 -> 
  custom:video-encoder-webm-vp8: eb34c28f22e8b96e1ab97ce403110664 -> 
  custom:video-decoder-webm-vp8: 9c59270c3fd7afecdb556c50c9e8de78 -> 
  custom:audio-decoder-ogg-vorbis: bf7c407c2cedff20999df2af8eb42d56 -> 
  custom:audio-encoder-webm-vorbis: bf7c407c2cedff20999df2af8eb42d56 -> 
========================================================================
Received Import Request.
  Time since last request: 7.223690 seconds.
  path: Assets/Sprites
  artifactKey: Guid(3022cc6846d970b478d6efc27f9783db) Importer(815301076,1909f56bfc062723c751e8b465ee728b)
Start importing Assets/Sprites using Guid(3022cc6846d970b478d6efc27f9783db) Importer(815301076,1909f56bfc062723c751e8b465ee728b)  -> (artifact id: 'ea5f9235d3caac9010523999ed0254c2') in 0.007403 seconds 
  Import took 0.009867 seconds .

========================================================================
Received Import Request.
  Time since last request: 103.564617 seconds.
  path: Assets/Sprites/Aaron Landen.png
  artifactKey: Guid(a2f1919ffb9238449be72dfe79947b8d) Importer(815301076,1909f56bfc062723c751e8b465ee728b)
Start importing Assets/Sprites/Aaron Landen.png using Guid(a2f1919ffb9238449be72dfe79947b8d) Importer(815301076,1909f56bfc062723c751e8b465ee728b)  -> (artifact id: '5e626fc286a82ee74ca4afc524fcfc11') in 0.049785 seconds 
  Import took 0.052153 seconds .

========================================================================
Received Import Request.
  Time since last request: 118.956112 seconds.
  path: Assets/Sprites/Conquest.png
  artifactKey: Guid(18860ae1ba4e4fe4daf60c799539dc5d) Importer(815301076,1909f56bfc062723c751e8b465ee728b)
Start importing Assets/Sprites/Conquest.png using Guid(18860ae1ba4e4fe4daf60c799539dc5d) Importer(815301076,1909f56bfc062723c751e8b465ee728b)  -> (artifact id: 'e0693bde08ccb17bd6f8b0935438c674') in 0.016154 seconds 
  Import took 0.019156 seconds .

========================================================================
Received Import Request.
  Time since last request: 0.002147 seconds.
  path: Assets/Sprites/Conquest.png
  artifactKey: Guid(18860ae1ba4e4fe4daf60c799539dc5d) Importer(815301076,1909f56bfc062723c751e8b465ee728b)
Start importing Assets/Sprites/Conquest.png using Guid(18860ae1ba4e4fe4daf60c799539dc5d) Importer(815301076,1909f56bfc062723c751e8b465ee728b)  -> (artifact id: 'e0693bde08ccb17bd6f8b0935438c674') in 0.006112 seconds 
  Import took 0.008594 seconds .

========================================================================
Received Import Request.
  Time since last request: 327.591711 seconds.
  path: Assets/Sprites/Knight Portrait.png
  artifactKey: Guid(8de0b3d808edb7c46be9d19f96459159) Importer(815301076,1909f56bfc062723c751e8b465ee728b)
Start importing Assets/Sprites/Knight Portrait.png using Guid(8de0b3d808edb7c46be9d19f96459159) Importer(815301076,1909f56bfc062723c751e8b465ee728b)  -> (artifact id: '5ce8c588800058ae6e13723303030f27') in 0.012151 seconds 
  Import took 0.014924 seconds .

========================================================================
Received Import Request.
  Time since last request: 45.852897 seconds.
  path: Assets/Sprites/Militia Portrait.png
  artifactKey: Guid(6671aec5119da134fb50eef30c9297df) Importer(815301076,1909f56bfc062723c751e8b465ee728b)
Start importing Assets/Sprites/Militia Portrait.png using Guid(6671aec5119da134fb50eef30c9297df) Importer(815301076,1909f56bfc062723c751e8b465ee728b)  -> (artifact id: '83f9c53e738d80fb747b63a4dbf7c6d0') in 0.012672 seconds 
  Import took 0.014944 seconds .

========================================================================
Received Import Request.
  Time since last request: 46.970867 seconds.
  path: Assets/Sprites/Conquest.png
  artifactKey: Guid(18860ae1ba4e4fe4daf60c799539dc5d) Importer(815301076,1909f56bfc062723c751e8b465ee728b)
Start importing Assets/Sprites/Conquest.png using Guid(18860ae1ba4e4fe4daf60c799539dc5d) Importer(815301076,1909f56bfc062723c751e8b465ee728b)  -> (artifact id: 'a9c10d369bd5c55ea19c1e1855715a59') in 0.012072 seconds 
  Import took 0.014541 seconds .

========================================================================
Received Import Request.
  Time since last request: 17.336567 seconds.
  path: Assets/Sprites/Militia Sprite.png
  artifactKey: Guid(1a72fd55b25e97242a182babcdfba350) Importer(815301076,1909f56bfc062723c751e8b465ee728b)
Start importing Assets/Sprites/Militia Sprite.png using Guid(1a72fd55b25e97242a182babcdfba350) Importer(815301076,1909f56bfc062723c751e8b465ee728b)  -> (artifact id: '4415ffacfc24fb325b2fcd5b2286c824') in 0.012003 seconds 
  Import took 0.014299 seconds .

========================================================================
Received Import Request.
  Time since last request: 16.596329 seconds.
  path: Assets/Sprites/Knight.png
  artifactKey: Guid(77b208b37466d12439759bd01e736065) Importer(815301076,1909f56bfc062723c751e8b465ee728b)
Start importing Assets/Sprites/Knight.png using Guid(77b208b37466d12439759bd01e736065) Importer(815301076,1909f56bfc062723c751e8b465ee728b)  -> (artifact id: 'ca5ec4a24ed2ce78b65ec0653bac4c80') in 0.011459 seconds 
  Import took 0.013729 seconds .

========================================================================
Received Import Request.
  Time since last request: 16.059840 seconds.
  path: Assets/Sprites/Knight Sprite.png
  artifactKey: Guid(77b208b37466d12439759bd01e736065) Importer(815301076,1909f56bfc062723c751e8b465ee728b)
Start importing Assets/Sprites/Knight Sprite.png using Guid(77b208b37466d12439759bd01e736065) Importer(815301076,1909f56bfc062723c751e8b465ee728b)  -> (artifact id: 'e07f6ceeb04098d0807bea120ca2ab10') in 0.009345 seconds 
  Import took 0.011773 seconds .

========================================================================
Received Import Request.
  Time since last request: 12.947796 seconds.
  path: Assets/Sprites/Conquest Sprite.png
  artifactKey: Guid(18860ae1ba4e4fe4daf60c799539dc5d) Importer(815301076,1909f56bfc062723c751e8b465ee728b)
Start importing Assets/Sprites/Conquest Sprite.png using Guid(18860ae1ba4e4fe4daf60c799539dc5d) Importer(815301076,1909f56bfc062723c751e8b465ee728b)  -> (artifact id: '6b161e305dd978ce09aa20a98a8e29e3') in 0.010255 seconds 
  Import took 0.013442 seconds .

========================================================================
Received Import Request.
  Time since last request: 11.683571 seconds.
  path: Assets/Scenes
  artifactKey: Guid(67328fdbc1cecfa42b30455a224704ff) Importer(815301076,1909f56bfc062723c751e8b465ee728b)
Start importing Assets/Scenes using Guid(67328fdbc1cecfa42b30455a224704ff) Importer(815301076,1909f56bfc062723c751e8b465ee728b)  -> (artifact id: '68af9a5fed0a6e3cf0a88fd840bcb864') in 0.005387 seconds 
  Import took 0.007488 seconds .

========================================================================
Received Import Request.
  Time since last request: 16.676310 seconds.
  path: Assets/Sprites/New Physics Material 2D.physicsMaterial2D
  artifactKey: Guid(f8b14d415c6c7b54695d7723cec20bb1) Importer(815301076,1909f56bfc062723c751e8b465ee728b)
Start importing Assets/Sprites/New Physics Material 2D.physicsMaterial2D using Guid(f8b14d415c6c7b54695d7723cec20bb1) Importer(815301076,1909f56bfc062723c751e8b465ee728b)  -> (artifact id: '69e0814d129fff4765dea1d47419fcb2') in 0.008986 seconds 
  Import took 0.011584 seconds .

========================================================================
Received Import Request.
  Time since last request: 0.000738 seconds.
  path: Assets/Sprites/New Physics Material 2D.physicsMaterial2D
  artifactKey: Guid(f8b14d415c6c7b54695d7723cec20bb1) Importer(815301076,1909f56bfc062723c751e8b465ee728b)
Start importing Assets/Sprites/New Physics Material 2D.physicsMaterial2D using Guid(f8b14d415c6c7b54695d7723cec20bb1) Importer(815301076,1909f56bfc062723c751e8b465ee728b)  -> (artifact id: '69e0814d129fff4765dea1d47419fcb2') in 0.002143 seconds 
  Import took 0.004527 seconds .

========================================================================
Received Import Request.
  Time since last request: 35.223715 seconds.
  path: Assets/Sprites/New Animation.anim
  artifactKey: Guid(63c9f579d9bee75428eeb74e7d9df7cd) Importer(815301076,1909f56bfc062723c751e8b465ee728b)
Start importing Assets/Sprites/New Animation.anim using Guid(63c9f579d9bee75428eeb74e7d9df7cd) Importer(815301076,1909f56bfc062723c751e8b465ee728b)  -> (artifact id: '156059896733fbaad68dd7b03ce273a1') in 0.009615 seconds 
  Import took 0.012852 seconds .

========================================================================
Received Import Request.
  Time since last request: 0.000367 seconds.
  path: Assets/Sprites/New Animation.anim
  artifactKey: Guid(63c9f579d9bee75428eeb74e7d9df7cd) Importer(815301076,1909f56bfc062723c751e8b465ee728b)
Start importing Assets/Sprites/New Animation.anim using Guid(63c9f579d9bee75428eeb74e7d9df7cd) Importer(815301076,1909f56bfc062723c751e8b465ee728b)  -> (artifact id: '156059896733fbaad68dd7b03ce273a1') in 0.003175 seconds 
  Import took 0.005751 seconds .

========================================================================
Received Import Request.
  Time since last request: 83.990433 seconds.
  path: Assets/Sprites/Knight.png
  artifactKey: Guid(8de0b3d808edb7c46be9d19f96459159) Importer(815301076,1909f56bfc062723c751e8b465ee728b)
Start importing Assets/Sprites/Knight.png using Guid(8de0b3d808edb7c46be9d19f96459159) Importer(815301076,1909f56bfc062723c751e8b465ee728b)  -> (artifact id: '7e2df19d25b3571c5c56950a6d4d5f4a') in 0.009331 seconds 
  Import took 0.012168 seconds .

========================================================================
Received Import Request.
  Time since last request: 5.947934 seconds.
  path: Assets/Sprites/Militia.png
  artifactKey: Guid(6671aec5119da134fb50eef30c9297df) Importer(815301076,1909f56bfc062723c751e8b465ee728b)
Start importing Assets/Sprites/Militia.png using Guid(6671aec5119da134fb50eef30c9297df) Importer(815301076,1909f56bfc062723c751e8b465ee728b)  -> (artifact id: '558475e2d95dfad71794250c692c595f') in 0.008704 seconds 
  Import took 0.011281 seconds .

========================================================================
Received Import Request.
  Time since last request: 75.133268 seconds.
  path: Assets/Sprites/Player.png
  artifactKey: Guid(bf28081c151d73e45a18aee1b5ed0641) Importer(815301076,1909f56bfc062723c751e8b465ee728b)
Start importing Assets/Sprites/Player.png using Guid(bf28081c151d73e45a18aee1b5ed0641) Importer(815301076,1909f56bfc062723c751e8b465ee728b)  -> (artifact id: '7b28ea34cff2e63498b798df84f21d28') in 0.010169 seconds 
  Import took 0.012659 seconds .

========================================================================
Received Import Request.
  Time since last request: 17.648841 seconds.
  path: Assets/Sprites/Player.png
  artifactKey: Guid(bf28081c151d73e45a18aee1b5ed0641) Importer(815301076,1909f56bfc062723c751e8b465ee728b)
Start importing Assets/Sprites/Player.png using Guid(bf28081c151d73e45a18aee1b5ed0641) Importer(815301076,1909f56bfc062723c751e8b465ee728b)  -> (artifact id: '5ca331e3ba8d2e8a4b5b7ff967fb3229') in 0.008678 seconds 
  Import took 0.011014 seconds .

========================================================================
Received Import Request.
  Time since last request: 10.715697 seconds.
  path: Assets/Sprites/Militia.png
  artifactKey: Guid(6671aec5119da134fb50eef30c9297df) Importer(815301076,1909f56bfc062723c751e8b465ee728b)
Start importing Assets/Sprites/Militia.png using Guid(6671aec5119da134fb50eef30c9297df) Importer(815301076,1909f56bfc062723c751e8b465ee728b)  -> (artifact id: 'd8e7d56bf1597521c85af5e32ba50fce') in 0.008537 seconds 
  Import took 0.011079 seconds .

========================================================================
Received Import Request.
  Time since last request: 4.675224 seconds.
  path: Assets/Sprites/Militia Sprite.png
  artifactKey: Guid(1a72fd55b25e97242a182babcdfba350) Importer(815301076,1909f56bfc062723c751e8b465ee728b)
Start importing Assets/Sprites/Militia Sprite.png using Guid(1a72fd55b25e97242a182babcdfba350) Importer(815301076,1909f56bfc062723c751e8b465ee728b)  -> (artifact id: 'f31ed5874fe28f59ac318ca5464c699d') in 0.006939 seconds 
  Import took 0.009114 seconds .

========================================================================
Received Import Request.
  Time since last request: 0.000337 seconds.
  path: Assets/Sprites/Militia Sprite.png
  artifactKey: Guid(1a72fd55b25e97242a182babcdfba350) Importer(815301076,1909f56bfc062723c751e8b465ee728b)
Start importing Assets/Sprites/Militia Sprite.png using Guid(1a72fd55b25e97242a182babcdfba350) Importer(815301076,1909f56bfc062723c751e8b465ee728b)  -> (artifact id: 'f31ed5874fe28f59ac318ca5464c699d') in 0.005798 seconds 
  Import took 0.008169 seconds .

========================================================================
Received Import Request.
  Time since last request: 2.642235 seconds.
  path: Assets/Sprites/Knight.png
  artifactKey: Guid(8de0b3d808edb7c46be9d19f96459159) Importer(815301076,1909f56bfc062723c751e8b465ee728b)
Start importing Assets/Sprites/Knight.png using Guid(8de0b3d808edb7c46be9d19f96459159) Importer(815301076,1909f56bfc062723c751e8b465ee728b)  -> (artifact id: 'e6c5edea297da0a7db7899cf043cb0d8') in 0.007653 seconds 
  Import took 0.009852 seconds .

========================================================================
Received Import Request.
  Time since last request: 3.176332 seconds.
  path: Assets/Sprites/Knight Sprite.png
  artifactKey: Guid(77b208b37466d12439759bd01e736065) Importer(815301076,1909f56bfc062723c751e8b465ee728b)
Start importing Assets/Sprites/Knight Sprite.png using Guid(77b208b37466d12439759bd01e736065) Importer(815301076,1909f56bfc062723c751e8b465ee728b)  -> (artifact id: '5d6f3dea9cc2c88a1ff7cf0ed4e094b2') in 0.008083 seconds 
  Import took 0.010429 seconds .

========================================================================
Received Import Request.
  Time since last request: 3.068905 seconds.
  path: Assets/Sprites/Conquest Sprite.png
  artifactKey: Guid(18860ae1ba4e4fe4daf60c799539dc5d) Importer(815301076,1909f56bfc062723c751e8b465ee728b)
Start importing Assets/Sprites/Conquest Sprite.png using Guid(18860ae1ba4e4fe4daf60c799539dc5d) Importer(815301076,1909f56bfc062723c751e8b465ee728b)  -> (artifact id: '32514657196f4c19b6ab1e27593e7c2b') in 0.008722 seconds 
  Import took 0.011642 seconds .

========================================================================
Received Import Request.
  Time since last request: 3.180885 seconds.
  path: Assets/Sprites/Aaron Landen.png
  artifactKey: Guid(a2f1919ffb9238449be72dfe79947b8d) Importer(815301076,1909f56bfc062723c751e8b465ee728b)
Start importing Assets/Sprites/Aaron Landen.png using Guid(a2f1919ffb9238449be72dfe79947b8d) Importer(815301076,1909f56bfc062723c751e8b465ee728b)  -> (artifact id: '9a33de481181344136fa4671574098a7') in 0.008867 seconds 
  Import took 0.011316 seconds .

========================================================================
Received Import Request.
  Time since last request: 50.132937 seconds.
  path: Assets/Sprites/Player Sprite.png
  artifactKey: Guid(d019235fa3fcb934eb60f95da9bed22f) Importer(815301076,1909f56bfc062723c751e8b465ee728b)
Start importing Assets/Sprites/Player Sprite.png using Guid(d019235fa3fcb934eb60f95da9bed22f) Importer(815301076,1909f56bfc062723c751e8b465ee728b)  -> (artifact id: '80bb044fbb79e5aa92909d59d8aff323') in 0.012329 seconds 
  Import took 0.015030 seconds .

========================================================================
Received Import Request.
  Time since last request: 8.358445 seconds.
  path: Assets/Sprites/Player Sprite.png
  artifactKey: Guid(d019235fa3fcb934eb60f95da9bed22f) Importer(815301076,1909f56bfc062723c751e8b465ee728b)
Start importing Assets/Sprites/Player Sprite.png using Guid(d019235fa3fcb934eb60f95da9bed22f) Importer(815301076,1909f56bfc062723c751e8b465ee728b)  -> (artifact id: '5eacc6331efb040244c5e4622b068a1b') in 0.008441 seconds 
  Import took 0.010529 seconds .

========================================================================
Received Import Request.
  Time since last request: 5.084905 seconds.
  path: Assets/Sprites/BigOrbFloating.png
  artifactKey: Guid(4bc00ec95cd48944cb5568716504bc10) Importer(815301076,1909f56bfc062723c751e8b465ee728b)
Start importing Assets/Sprites/BigOrbFloating.png using Guid(4bc00ec95cd48944cb5568716504bc10) Importer(815301076,1909f56bfc062723c751e8b465ee728b)  -> (artifact id: 'd94afd1b69aca5939990f624c3be4131') in 0.011692 seconds 
  Import took 0.014273 seconds .

========================================================================
Received Import Request.
  Time since last request: 99.731768 seconds.
  path: Assets/Sprites/s_hand.png
  artifactKey: Guid(7904c1b26e604b64eb5a5c1bc2b9beca) Importer(815301076,1909f56bfc062723c751e8b465ee728b)
Start importing Assets/Sprites/s_hand.png using Guid(7904c1b26e604b64eb5a5c1bc2b9beca) Importer(815301076,1909f56bfc062723c751e8b465ee728b)  -> (artifact id: '3b59af10cb0c4eb4f9999b40b211281a') in 0.010626 seconds 
  Import took 0.013175 seconds .

========================================================================
Received Import Request.
  Time since last request: 16.203161 seconds.
  path: Assets/Sprites/cursor.png
  artifactKey: Guid(56cd7ce8d930460418320d6cb8e7fd2a) Importer(815301076,1909f56bfc062723c751e8b465ee728b)
Start importing Assets/Sprites/cursor.png using Guid(56cd7ce8d930460418320d6cb8e7fd2a) Importer(815301076,1909f56bfc062723c751e8b465ee728b)  -> (artifact id: '0c6268632780040380a40842a4e8f36f') in 0.009848 seconds 
  Import took 0.012283 seconds .

========================================================================
Received Import Request.
  Time since last request: 3.236743 seconds.
  path: Assets/Sprites/BigOrbFloating.png
  artifactKey: Guid(4bc00ec95cd48944cb5568716504bc10) Importer(815301076,1909f56bfc062723c751e8b465ee728b)
Start importing Assets/Sprites/BigOrbFloating.png using Guid(4bc00ec95cd48944cb5568716504bc10) Importer(815301076,1909f56bfc062723c751e8b465ee728b)  -> (artifact id: '46e78817e0537273494ac8cfe250f7ab') in 0.007168 seconds 
  Import took 0.009458 seconds .

========================================================================
Received Import Request.
  Time since last request: 9.958476 seconds.
  path: Assets/Sprites/cursor.png
  artifactKey: Guid(56cd7ce8d930460418320d6cb8e7fd2a) Importer(815301076,1909f56bfc062723c751e8b465ee728b)
Start importing Assets/Sprites/cursor.png using Guid(56cd7ce8d930460418320d6cb8e7fd2a) Importer(815301076,1909f56bfc062723c751e8b465ee728b)  -> (artifact id: '0f0403f6c2863535bb259d96e7f838d8') in 0.007356 seconds 
  Import took 0.009471 seconds .

========================================================================
Received Import Request.
  Time since last request: 4.027518 seconds.
  path: Assets/Sprites/s_hand.png
  artifactKey: Guid(7904c1b26e604b64eb5a5c1bc2b9beca) Importer(815301076,1909f56bfc062723c751e8b465ee728b)
Start importing Assets/Sprites/s_hand.png using Guid(7904c1b26e604b64eb5a5c1bc2b9beca) Importer(815301076,1909f56bfc062723c751e8b465ee728b)  -> (artifact id: '24e2fc3f27735e5547754ed5b6ec4fd8') in 0.007997 seconds 
  Import took 0.010193 seconds .

========================================================================
Received Import Request.
  Time since last request: 56.168551 seconds.
  path: Assets/Sprites/Military Tent.png
  artifactKey: Guid(c1e1d445f9010bc439e1528a9953a036) Importer(815301076,1909f56bfc062723c751e8b465ee728b)
Start importing Assets/Sprites/Military Tent.png using Guid(c1e1d445f9010bc439e1528a9953a036) Importer(815301076,1909f56bfc062723c751e8b465ee728b)  -> (artifact id: '15865ae60c9fbc9f6559a9d22efd5be9') in 0.009453 seconds 
  Import took 0.011680 seconds .

========================================================================
Received Import Request.
  Time since last request: 0.000378 seconds.
  path: Assets/Sprites/Tent.png
  artifactKey: Guid(6d7b4f7325a080d41915e5933ce06942) Importer(815301076,1909f56bfc062723c751e8b465ee728b)
Start importing Assets/Sprites/Tent.png using Guid(6d7b4f7325a080d41915e5933ce06942) Importer(815301076,1909f56bfc062723c751e8b465ee728b)  -> (artifact id: 'cbf18acdffd742f3527fab69e42e14f2') in 0.014436 seconds 
  Import took 0.017174 seconds .

========================================================================
Received Import Request.
  Time since last request: 12.642697 seconds.
  path: Assets/Sprites/Teepee.png
  artifactKey: Guid(adec851a7ec162143a08adf0577dccf0) Importer(815301076,1909f56bfc062723c751e8b465ee728b)
Start importing Assets/Sprites/Teepee.png using Guid(adec851a7ec162143a08adf0577dccf0) Importer(815301076,1909f56bfc062723c751e8b465ee728b)  -> (artifact id: 'ce35da7e226df13f74a4eeb125787253') in 0.010335 seconds 
  Import took 0.012950 seconds .

========================================================================
Received Import Request.
  Time since last request: 0.001462 seconds.
  path: Assets/Sprites/Teepee.png
  artifactKey: Guid(adec851a7ec162143a08adf0577dccf0) Importer(815301076,1909f56bfc062723c751e8b465ee728b)
Start importing Assets/Sprites/Teepee.png using Guid(adec851a7ec162143a08adf0577dccf0) Importer(815301076,1909f56bfc062723c751e8b465ee728b)  -> (artifact id: 'ce35da7e226df13f74a4eeb125787253') in 0.004901 seconds 
  Import took 0.007535 seconds .

========================================================================
Received Import Request.
  Time since last request: 2.958711 seconds.
  path: Assets/Sprites/Trade Post.png
  artifactKey: Guid(82b6e97c8f3769441bbbd2bad370e006) Importer(815301076,1909f56bfc062723c751e8b465ee728b)
Start importing Assets/Sprites/Trade Post.png using Guid(82b6e97c8f3769441bbbd2bad370e006) Importer(815301076,1909f56bfc062723c751e8b465ee728b)  -> (artifact id: 'b2c236e40abf959a6ade1723428e3be8') in 0.009020 seconds 
  Import took 0.011366 seconds .

========================================================================
Received Import Request.
  Time since last request: 0.004278 seconds.
  path: Assets/Sprites/Trade Post.png
  artifactKey: Guid(82b6e97c8f3769441bbbd2bad370e006) Importer(815301076,1909f56bfc062723c751e8b465ee728b)
Start importing Assets/Sprites/Trade Post.png using Guid(82b6e97c8f3769441bbbd2bad370e006) Importer(815301076,1909f56bfc062723c751e8b465ee728b)  -> (artifact id: 'b2c236e40abf959a6ade1723428e3be8') in 0.005841 seconds 
  Import took 0.008509 seconds .

========================================================================
Received Import Request.
  Time since last request: 1.568133 seconds.
  path: Assets/Sprites/Warehouse.png
  artifactKey: Guid(242c89aa09659d5438148ec276e6add3) Importer(815301076,1909f56bfc062723c751e8b465ee728b)
Start importing Assets/Sprites/Warehouse.png using Guid(242c89aa09659d5438148ec276e6add3) Importer(815301076,1909f56bfc062723c751e8b465ee728b)  -> (artifact id: 'a9d862614c553ba6a556d05195067e2a') in 0.010264 seconds 
  Import took 0.012988 seconds .

========================================================================
Received Import Request.
  Time since last request: 0.001785 seconds.
  path: Assets/Sprites/Warehouse.png
  artifactKey: Guid(242c89aa09659d5438148ec276e6add3) Importer(815301076,1909f56bfc062723c751e8b465ee728b)
Start importing Assets/Sprites/Warehouse.png using Guid(242c89aa09659d5438148ec276e6add3) Importer(815301076,1909f56bfc062723c751e8b465ee728b)  -> (artifact id: 'a9d862614c553ba6a556d05195067e2a') in 0.005969 seconds 
  Import took 0.008623 seconds .

========================================================================
Received Import Request.
  Time since last request: 7.973109 seconds.
  path: Assets/Sprites/Square Hut.png
  artifactKey: Guid(1d9c369db8c135640b8decb11ab6e86a) Importer(815301076,1909f56bfc062723c751e8b465ee728b)
Start importing Assets/Sprites/Square Hut.png using Guid(1d9c369db8c135640b8decb11ab6e86a) Importer(815301076,1909f56bfc062723c751e8b465ee728b)  -> (artifact id: 'ac2ceb0c17e2e14609e95cc65a1f36ef') in 0.010659 seconds 
  Import took 0.013238 seconds .

========================================================================
Received Import Request.
  Time since last request: 0.000514 seconds.
  path: Assets/Sprites/Square Hut.png
  artifactKey: Guid(1d9c369db8c135640b8decb11ab6e86a) Importer(815301076,1909f56bfc062723c751e8b465ee728b)
Start importing Assets/Sprites/Square Hut.png using Guid(1d9c369db8c135640b8decb11ab6e86a) Importer(815301076,1909f56bfc062723c751e8b465ee728b)  -> (artifact id: 'ac2ceb0c17e2e14609e95cc65a1f36ef') in 0.005525 seconds 
  Import took 0.008483 seconds .

========================================================================
Received Import Request.
  Time since last request: 2.850298 seconds.
  path: Assets/Sprites/Small Well.png
  artifactKey: Guid(400b17b415e598f4c911b8ee7c5e49a4) Importer(815301076,1909f56bfc062723c751e8b465ee728b)
Start importing Assets/Sprites/Small Well.png using Guid(400b17b415e598f4c911b8ee7c5e49a4) Importer(815301076,1909f56bfc062723c751e8b465ee728b)  -> (artifact id: 'b324549877f9a2a76acef00fae9bae23') in 0.010904 seconds 
  Import took 0.013443 seconds .

========================================================================
Received Import Request.
  Time since last request: 0.001640 seconds.
  path: Assets/Sprites/Small Well.png
  artifactKey: Guid(400b17b415e598f4c911b8ee7c5e49a4) Importer(815301076,1909f56bfc062723c751e8b465ee728b)
Start importing Assets/Sprites/Small Well.png using Guid(400b17b415e598f4c911b8ee7c5e49a4) Importer(815301076,1909f56bfc062723c751e8b465ee728b)  -> (artifact id: 'b324549877f9a2a76acef00fae9bae23') in 0.006213 seconds 
  Import took 0.008841 seconds .

========================================================================
Received Import Request.
  Time since last request: 1.778768 seconds.
  path: Assets/Sprites/Outpost.png
  artifactKey: Guid(715e1eef1dc058e4291a831a256e5fd4) Importer(815301076,1909f56bfc062723c751e8b465ee728b)
Start importing Assets/Sprites/Outpost.png using Guid(715e1eef1dc058e4291a831a256e5fd4) Importer(815301076,1909f56bfc062723c751e8b465ee728b)  -> (artifact id: '1b73b00f18907abc14b12bbb07a5bcc5') in 0.010957 seconds 
  Import took 0.013912 seconds .

========================================================================
Received Import Request.
  Time since last request: 0.005792 seconds.
  path: Assets/Sprites/Outpost.png
  artifactKey: Guid(715e1eef1dc058e4291a831a256e5fd4) Importer(815301076,1909f56bfc062723c751e8b465ee728b)
Start importing Assets/Sprites/Outpost.png using Guid(715e1eef1dc058e4291a831a256e5fd4) Importer(815301076,1909f56bfc062723c751e8b465ee728b)  -> (artifact id: '1b73b00f18907abc14b12bbb07a5bcc5') in 0.005741 seconds 
  Import took 0.008453 seconds .

========================================================================
Received Import Request.
  Time since last request: 2.640788 seconds.
  path: Assets/Sprites/Merchants Guild.png
  artifactKey: Guid(89b052ad3d8c5da419e0294457c09331) Importer(815301076,1909f56bfc062723c751e8b465ee728b)
Start importing Assets/Sprites/Merchants Guild.png using Guid(89b052ad3d8c5da419e0294457c09331) Importer(815301076,1909f56bfc062723c751e8b465ee728b)  -> (artifact id: 'fe59cdb917260a05f951f9e2c4a31edf') in 0.009808 seconds 
  Import took 0.012387 seconds .

========================================================================
Received Import Request.
  Time since last request: 0.002476 seconds.
  path: Assets/Sprites/Merchants Guild.png
  artifactKey: Guid(89b052ad3d8c5da419e0294457c09331) Importer(815301076,1909f56bfc062723c751e8b465ee728b)
Start importing Assets/Sprites/Merchants Guild.png using Guid(89b052ad3d8c5da419e0294457c09331) Importer(815301076,1909f56bfc062723c751e8b465ee728b)  -> (artifact id: 'fe59cdb917260a05f951f9e2c4a31edf') in 0.005697 seconds 
  Import took 0.008142 seconds .

========================================================================
Received Import Request.
  Time since last request: 1.840123 seconds.
  path: Assets/Sprites/Medieval Jail.png
  artifactKey: Guid(c0f1a840071895648b93a1666d21a6ee) Importer(815301076,1909f56bfc062723c751e8b465ee728b)
Start importing Assets/Sprites/Medieval Jail.png using Guid(c0f1a840071895648b93a1666d21a6ee) Importer(815301076,1909f56bfc062723c751e8b465ee728b)  -> (artifact id: '1ccc06d2f6a1bfc90c8434e3c9152664') in 0.012026 seconds 
  Import took 0.014647 seconds .

========================================================================
Received Import Request.
  Time since last request: 0.001567 seconds.
  path: Assets/Sprites/Medieval Jail.png
  artifactKey: Guid(c0f1a840071895648b93a1666d21a6ee) Importer(815301076,1909f56bfc062723c751e8b465ee728b)
Start importing Assets/Sprites/Medieval Jail.png using Guid(c0f1a840071895648b93a1666d21a6ee) Importer(815301076,1909f56bfc062723c751e8b465ee728b)  -> (artifact id: '1ccc06d2f6a1bfc90c8434e3c9152664') in 0.006285 seconds 
  Import took 0.008571 seconds .

========================================================================
Received Import Request.
  Time since last request: 25.171079 seconds.
  path: Assets/Sprites/Market.png
  artifactKey: Guid(35862557e6a301640ada63a060c70021) Importer(815301076,1909f56bfc062723c751e8b465ee728b)
Start importing Assets/Sprites/Market.png using Guid(35862557e6a301640ada63a060c70021) Importer(815301076,1909f56bfc062723c751e8b465ee728b)  -> (artifact id: '09798354ac6efd35c3a075b614a17415') in 0.009923 seconds 
  Import took 0.012237 seconds .

========================================================================
Received Import Request.
  Time since last request: 0.002738 seconds.
  path: Assets/Sprites/Market.png
  artifactKey: Guid(35862557e6a301640ada63a060c70021) Importer(815301076,1909f56bfc062723c751e8b465ee728b)
Start importing Assets/Sprites/Market.png using Guid(35862557e6a301640ada63a060c70021) Importer(815301076,1909f56bfc062723c751e8b465ee728b)  -> (artifact id: '09798354ac6efd35c3a075b614a17415') in 0.006676 seconds 
  Import took 0.009651 seconds .

========================================================================
Received Import Request.
  Time since last request: 2.339318 seconds.
  path: Assets/Sprites/Mansion.png
  artifactKey: Guid(d958f6ef133a8f54abaedde2a3970070) Importer(815301076,1909f56bfc062723c751e8b465ee728b)
Start importing Assets/Sprites/Mansion.png using Guid(d958f6ef133a8f54abaedde2a3970070) Importer(815301076,1909f56bfc062723c751e8b465ee728b)  -> (artifact id: '7d9b669fc29f9dba8a9c0787a2193c80') in 0.009700 seconds 
  Import took 0.012127 seconds .

========================================================================
Received Import Request.
  Time since last request: 0.002529 seconds.
  path: Assets/Sprites/Mansion.png
  artifactKey: Guid(d958f6ef133a8f54abaedde2a3970070) Importer(815301076,1909f56bfc062723c751e8b465ee728b)
Start importing Assets/Sprites/Mansion.png using Guid(d958f6ef133a8f54abaedde2a3970070) Importer(815301076,1909f56bfc062723c751e8b465ee728b)  -> (artifact id: '7d9b669fc29f9dba8a9c0787a2193c80') in 0.005673 seconds 
  Import took 0.007975 seconds .

========================================================================
Received Import Request.
  Time since last request: 8.475282 seconds.
  path: Assets/Sprites/Mine.png
  artifactKey: Guid(5df4d85fb4004e344932bddd165dc43d) Importer(815301076,1909f56bfc062723c751e8b465ee728b)
Start importing Assets/Sprites/Mine.png using Guid(5df4d85fb4004e344932bddd165dc43d) Importer(815301076,1909f56bfc062723c751e8b465ee728b)  -> (artifact id: 'fcde83466ca3739da71174467a866958') in 0.009144 seconds 
  Import took 0.011292 seconds .

========================================================================
Received Import Request.
  Time since last request: 0.002603 seconds.
  path: Assets/Sprites/Mine.png
  artifactKey: Guid(5df4d85fb4004e344932bddd165dc43d) Importer(815301076,1909f56bfc062723c751e8b465ee728b)
Start importing Assets/Sprites/Mine.png using Guid(5df4d85fb4004e344932bddd165dc43d) Importer(815301076,1909f56bfc062723c751e8b465ee728b)  -> (artifact id: 'fcde83466ca3739da71174467a866958') in 0.005980 seconds 
  Import took 0.008125 seconds .

========================================================================
Received Import Request.
  Time since last request: 3.897498 seconds.
  path: Assets/Sprites/Estate.png
  artifactKey: Guid(95124c4cfee829f47a6e1ffb19d566f8) Importer(815301076,1909f56bfc062723c751e8b465ee728b)
Start importing Assets/Sprites/Estate.png using Guid(95124c4cfee829f47a6e1ffb19d566f8) Importer(815301076,1909f56bfc062723c751e8b465ee728b)  -> (artifact id: '265f64b73ae3153eac689ea0b4390c75') in 0.009950 seconds 
  Import took 0.012089 seconds .

========================================================================
Received Import Request.
  Time since last request: 0.003860 seconds.
  path: Assets/Sprites/Estate.png
  artifactKey: Guid(95124c4cfee829f47a6e1ffb19d566f8) Importer(815301076,1909f56bfc062723c751e8b465ee728b)
Start importing Assets/Sprites/Estate.png using Guid(95124c4cfee829f47a6e1ffb19d566f8) Importer(815301076,1909f56bfc062723c751e8b465ee728b)  -> (artifact id: '265f64b73ae3153eac689ea0b4390c75') in 0.005348 seconds 
  Import took 0.007723 seconds .

========================================================================
Received Import Request.
  Time since last request: 1.970166 seconds.
  path: Assets/Sprites/Courthouse.png
  artifactKey: Guid(07e17c4195108614790d58c08737fb21) Importer(815301076,1909f56bfc062723c751e8b465ee728b)
Start importing Assets/Sprites/Courthouse.png using Guid(07e17c4195108614790d58c08737fb21) Importer(815301076,1909f56bfc062723c751e8b465ee728b)  -> (artifact id: 'c19ab9ffeb50393c71876ece41f96cb9') in 0.010880 seconds 
  Import took 0.013365 seconds .

========================================================================
Received Import Request.
  Time since last request: 1.541373 seconds.
  path: Assets/Sprites/Orchard.png
  artifactKey: Guid(171cc839cdda56246afa1ccc22466eec) Importer(815301076,1909f56bfc062723c751e8b465ee728b)
Start importing Assets/Sprites/Orchard.png using Guid(171cc839cdda56246afa1ccc22466eec) Importer(815301076,1909f56bfc062723c751e8b465ee728b)  -> (artifact id: 'cef5e4ef9d376cf382a640c8ae8a36a0') in 0.010163 seconds 
  Import took 0.012441 seconds .

========================================================================
Received Import Request.
  Time since last request: 0.003009 seconds.
  path: Assets/Sprites/Orchard.png
  artifactKey: Guid(171cc839cdda56246afa1ccc22466eec) Importer(815301076,1909f56bfc062723c751e8b465ee728b)
Start importing Assets/Sprites/Orchard.png using Guid(171cc839cdda56246afa1ccc22466eec) Importer(815301076,1909f56bfc062723c751e8b465ee728b)  -> (artifact id: 'cef5e4ef9d376cf382a640c8ae8a36a0') in 0.006103 seconds 
  Import took 0.008393 seconds .

========================================================================
Received Import Request.
  Time since last request: 5.158606 seconds.
  path: Assets/Sprites/Stockade.png
  artifactKey: Guid(dd94631fce48265499f092a4e90f2640) Importer(815301076,1909f56bfc062723c751e8b465ee728b)
Start importing Assets/Sprites/Stockade.png using Guid(dd94631fce48265499f092a4e90f2640) Importer(815301076,1909f56bfc062723c751e8b465ee728b)  -> (artifact id: '284473cac6cdb6f4a282334d1df916ee') in 0.010108 seconds 
  Import took 0.012222 seconds .

========================================================================
Received Import Request.
  Time since last request: 0.002208 seconds.
  path: Assets/Sprites/Stockade.png
  artifactKey: Guid(dd94631fce48265499f092a4e90f2640) Importer(815301076,1909f56bfc062723c751e8b465ee728b)
Start importing Assets/Sprites/Stockade.png using Guid(dd94631fce48265499f092a4e90f2640) Importer(815301076,1909f56bfc062723c751e8b465ee728b)  -> (artifact id: '284473cac6cdb6f4a282334d1df916ee') in 0.005172 seconds 
  Import took 0.007543 seconds .

========================================================================
Received Import Request.
  Time since last request: 1.630674 seconds.
  path: Assets/Sprites/Temple.png
  artifactKey: Guid(d2b6dc1419778f14c8982619fcf5fe58) Importer(815301076,1909f56bfc062723c751e8b465ee728b)
Start importing Assets/Sprites/Temple.png using Guid(d2b6dc1419778f14c8982619fcf5fe58) Importer(815301076,1909f56bfc062723c751e8b465ee728b)  -> (artifact id: '63886a01ba77fcecc2d8cf05413d57ed') in 0.009081 seconds 
  Import took 0.011415 seconds .

========================================================================
Received Import Request.
  Time since last request: 0.003873 seconds.
  path: Assets/Sprites/Temple.png
  artifactKey: Guid(d2b6dc1419778f14c8982619fcf5fe58) Importer(815301076,1909f56bfc062723c751e8b465ee728b)
Start importing Assets/Sprites/Temple.png using Guid(d2b6dc1419778f14c8982619fcf5fe58) Importer(815301076,1909f56bfc062723c751e8b465ee728b)  -> (artifact id: '63886a01ba77fcecc2d8cf05413d57ed') in 0.005782 seconds 
  Import took 0.008594 seconds .

========================================================================
Received Import Request.
  Time since last request: 12.284657 seconds.
  path: Assets/Sprites/Gravestone.png
  artifactKey: Guid(3c9bf102653d20748ac3d665d11f364c) Importer(815301076,1909f56bfc062723c751e8b465ee728b)
Start importing Assets/Sprites/Gravestone.png using Guid(3c9bf102653d20748ac3d665d11f364c) Importer(815301076,1909f56bfc062723c751e8b465ee728b)  -> (artifact id: '4e6ccc3eda13815800b24cb4cc7d813b') in 0.009818 seconds 
  Import took 0.011883 seconds .

========================================================================
Received Import Request.
  Time since last request: 0.005541 seconds.
  path: Assets/Sprites/Gravestone.png
  artifactKey: Guid(3c9bf102653d20748ac3d665d11f364c) Importer(815301076,1909f56bfc062723c751e8b465ee728b)
Start importing Assets/Sprites/Gravestone.png using Guid(3c9bf102653d20748ac3d665d11f364c) Importer(815301076,1909f56bfc062723c751e8b465ee728b)  -> (artifact id: '4e6ccc3eda13815800b24cb4cc7d813b') in 0.005360 seconds 
  Import took 0.008181 seconds .

========================================================================
Received Import Request.
  Time since last request: 2.194353 seconds.
  path: Assets/Sprites/House.png
  artifactKey: Guid(8ad84e5c2154aee43ac5061dcc2eb515) Importer(815301076,1909f56bfc062723c751e8b465ee728b)
Start importing Assets/Sprites/House.png using Guid(8ad84e5c2154aee43ac5061dcc2eb515) Importer(815301076,1909f56bfc062723c751e8b465ee728b)  -> (artifact id: 'bb2a00f9f9952482c2c8fc582ff539cd') in 0.010463 seconds 
  Import took 0.012828 seconds .

========================================================================
Received Import Request.
  Time since last request: 6.574164 seconds.
  path: Assets/Sprites/Shack.png
  artifactKey: Guid(57819bf32cc4a684999be86a3e79d3b8) Importer(815301076,1909f56bfc062723c751e8b465ee728b)
Start importing Assets/Sprites/Shack.png using Guid(57819bf32cc4a684999be86a3e79d3b8) Importer(815301076,1909f56bfc062723c751e8b465ee728b)  -> (artifact id: '8f59a3fff74563ab2db20daf06d4c9fe') in 0.011110 seconds 
  Import took 0.013706 seconds .

========================================================================
Received Import Request.
  Time since last request: 0.003191 seconds.
  path: Assets/Sprites/Shack.png
  artifactKey: Guid(57819bf32cc4a684999be86a3e79d3b8) Importer(815301076,1909f56bfc062723c751e8b465ee728b)
Start importing Assets/Sprites/Shack.png using Guid(57819bf32cc4a684999be86a3e79d3b8) Importer(815301076,1909f56bfc062723c751e8b465ee728b)  -> (artifact id: '8f59a3fff74563ab2db20daf06d4c9fe') in 0.005262 seconds 
  Import took 0.008255 seconds .

========================================================================
Received Import Request.
  Time since last request: 2.569927 seconds.
  path: Assets/Sprites/Yurt.png
  artifactKey: Guid(0fb91145f75658b41a7b79b7df917b16) Importer(815301076,1909f56bfc062723c751e8b465ee728b)
Start importing Assets/Sprites/Yurt.png using Guid(0fb91145f75658b41a7b79b7df917b16) Importer(815301076,1909f56bfc062723c751e8b465ee728b)  -> (artifact id: '3766ec052b63ad03d64ef8d379496524') in 0.010118 seconds 
  Import took 0.012366 seconds .

========================================================================
Received Import Request.
  Time since last request: 0.002743 seconds.
  path: Assets/Sprites/Yurt.png
  artifactKey: Guid(0fb91145f75658b41a7b79b7df917b16) Importer(815301076,1909f56bfc062723c751e8b465ee728b)
Start importing Assets/Sprites/Yurt.png using Guid(0fb91145f75658b41a7b79b7df917b16) Importer(815301076,1909f56bfc062723c751e8b465ee728b)  -> (artifact id: '3766ec052b63ad03d64ef8d379496524') in 0.005689 seconds 
  Import took 0.008379 seconds .

========================================================================
Received Import Request.
  Time since last request: 16.738485 seconds.
  path: Assets/Sprites/Gold G.png
  artifactKey: Guid(fdfa781cd36b0a046bf038fb35194f6c) Importer(815301076,1909f56bfc062723c751e8b465ee728b)
Start importing Assets/Sprites/Gold G.png using Guid(fdfa781cd36b0a046bf038fb35194f6c) Importer(815301076,1909f56bfc062723c751e8b465ee728b)  -> (artifact id: 'b5c401f0602e591de7840ea935767cfb') in 0.010372 seconds 
  Import took 0.012561 seconds .

========================================================================
Received Import Request.
  Time since last request: 12.255026 seconds.
  path: Assets/Sprites/Diamond.png
  artifactKey: Guid(b18dcca7b7901ed4cb4ccba251c6797f) Importer(815301076,1909f56bfc062723c751e8b465ee728b)
Start importing Assets/Sprites/Diamond.png using Guid(b18dcca7b7901ed4cb4ccba251c6797f) Importer(815301076,1909f56bfc062723c751e8b465ee728b)  -> (artifact id: '02e22ceb0a733d3c91143278fb15f60f') in 0.010388 seconds 
  Import took 0.012677 seconds .

========================================================================
Received Import Request.
  Time since last request: 0.003273 seconds.
  path: Assets/Sprites/Diamond.png
  artifactKey: Guid(b18dcca7b7901ed4cb4ccba251c6797f) Importer(815301076,1909f56bfc062723c751e8b465ee728b)
Start importing Assets/Sprites/Diamond.png using Guid(b18dcca7b7901ed4cb4ccba251c6797f) Importer(815301076,1909f56bfc062723c751e8b465ee728b)  -> (artifact id: '02e22ceb0a733d3c91143278fb15f60f') in 0.005350 seconds 
  Import took 0.008513 seconds .

========================================================================
Received Import Request.
  Time since last request: 13.901610 seconds.
  path: Assets/Sprites/Gold Bars.png
  artifactKey: Guid(618760f1b02778041bd15bf50d26b69f) Importer(815301076,1909f56bfc062723c751e8b465ee728b)
Start importing Assets/Sprites/Gold Bars.png using Guid(618760f1b02778041bd15bf50d26b69f) Importer(815301076,1909f56bfc062723c751e8b465ee728b)  -> (artifact id: 'fa27f461b8df7660d0b459e79b117eac') in 0.009469 seconds 
  Import took 0.011803 seconds .

========================================================================
Received Import Request.
  Time since last request: 0.000346 seconds.
  path: Assets/Sprites/Silver.png
  artifactKey: Guid(a6d6adcf6b307764e8d481e2d124c779) Importer(815301076,1909f56bfc062723c751e8b465ee728b)
Start importing Assets/Sprites/Silver.png using Guid(a6d6adcf6b307764e8d481e2d124c779) Importer(815301076,1909f56bfc062723c751e8b465ee728b)  -> (artifact id: 'e54b6d344ab7cac2374e83387ef2fa3e') in 0.011716 seconds 
  Import took 0.013959 seconds .

========================================================================
Received Import Request.
  Time since last request: 58.933365 seconds.
  path: Assets/Sprites/Health.png
  artifactKey: Guid(47bafbf197bf3b24d84aa5e6833a75be) Importer(815301076,1909f56bfc062723c751e8b465ee728b)
Start importing Assets/Sprites/Health.png using Guid(47bafbf197bf3b24d84aa5e6833a75be) Importer(815301076,1909f56bfc062723c751e8b465ee728b)  -> (artifact id: '887a6dae7437316004e01e83d4f09e82') in 0.010185 seconds 
  Import took 0.012242 seconds .

========================================================================
Received Import Request.
  Time since last request: 0.003326 seconds.
  path: Assets/Sprites/Health.png
  artifactKey: Guid(47bafbf197bf3b24d84aa5e6833a75be) Importer(815301076,1909f56bfc062723c751e8b465ee728b)
Start importing Assets/Sprites/Health.png using Guid(47bafbf197bf3b24d84aa5e6833a75be) Importer(815301076,1909f56bfc062723c751e8b465ee728b)  -> (artifact id: '887a6dae7437316004e01e83d4f09e82') in 0.005360 seconds 
  Import took 0.008021 seconds .

========================================================================
Received Import Request.
  Time since last request: 6.831802 seconds.
  path: Assets/Sprites/minus.png
  artifactKey: Guid(4511ce74a9cbae04a8c06baed743bdc3) Importer(815301076,1909f56bfc062723c751e8b465ee728b)
Start importing Assets/Sprites/minus.png using Guid(4511ce74a9cbae04a8c06baed743bdc3) Importer(815301076,1909f56bfc062723c751e8b465ee728b)  -> (artifact id: 'c1b65cf09048afb043201530d1ac23c4') in 0.009555 seconds 
  Import took 0.013371 seconds .

========================================================================
Received Import Request.
  Time since last request: 0.000316 seconds.
  path: Assets/Sprites/Plus.png
  artifactKey: Guid(b097bba9810a9f44ca355b92cc4e19d8) Importer(815301076,1909f56bfc062723c751e8b465ee728b)
Start importing Assets/Sprites/Plus.png using Guid(b097bba9810a9f44ca355b92cc4e19d8) Importer(815301076,1909f56bfc062723c751e8b465ee728b)  -> (artifact id: '424ae3e5db1c2daaccf0dc3459470605') in 0.008445 seconds 
  Import took 0.010849 seconds .

========================================================================
Received Import Request.
  Time since last request: 0.000177 seconds.
  path: Assets/Sprites/minus.png
  artifactKey: Guid(4511ce74a9cbae04a8c06baed743bdc3) Importer(815301076,1909f56bfc062723c751e8b465ee728b)
Start importing Assets/Sprites/minus.png using Guid(4511ce74a9cbae04a8c06baed743bdc3) Importer(815301076,1909f56bfc062723c751e8b465ee728b)  -> (artifact id: 'c1b65cf09048afb043201530d1ac23c4') in 0.004913 seconds 
  Import took 0.007079 seconds .

========================================================================
Received Import Request.
  Time since last request: 0.000230 seconds.
  path: Assets/Sprites/Plus.png
  artifactKey: Guid(b097bba9810a9f44ca355b92cc4e19d8) Importer(815301076,1909f56bfc062723c751e8b465ee728b)
Start importing Assets/Sprites/Plus.png using Guid(b097bba9810a9f44ca355b92cc4e19d8) Importer(815301076,1909f56bfc062723c751e8b465ee728b)  -> (artifact id: '424ae3e5db1c2daaccf0dc3459470605') in 0.005131 seconds 
  Import took 0.007268 seconds .

========================================================================
Received Import Request.
  Time since last request: 54.255567 seconds.
  path: Assets/Sprites/Speed.png
  artifactKey: Guid(ae027e95a66a83441bc662cfa1978ce8) Importer(815301076,1909f56bfc062723c751e8b465ee728b)
Start importing Assets/Sprites/Speed.png using Guid(ae027e95a66a83441bc662cfa1978ce8) Importer(815301076,1909f56bfc062723c751e8b465ee728b)  -> (artifact id: '76cbc52dc1919f5d384171e619d11b9d') in 0.009454 seconds 
  Import took 0.011673 seconds .

========================================================================
Received Import Request.
  Time since last request: 0.004052 seconds.
  path: Assets/Sprites/Speed.png
  artifactKey: Guid(ae027e95a66a83441bc662cfa1978ce8) Importer(815301076,1909f56bfc062723c751e8b465ee728b)
Start importing Assets/Sprites/Speed.png using Guid(ae027e95a66a83441bc662cfa1978ce8) Importer(815301076,1909f56bfc062723c751e8b465ee728b)  -> (artifact id: '76cbc52dc1919f5d384171e619d11b9d') in 0.005969 seconds 
  Import took 0.008652 seconds .

========================================================================
Received Import Request.
  Time since last request: 11.551495 seconds.
  path: Assets/Sprites/Movement.png
  artifactKey: Guid(ae027e95a66a83441bc662cfa1978ce8) Importer(815301076,1909f56bfc062723c751e8b465ee728b)
Start importing Assets/Sprites/Movement.png using Guid(ae027e95a66a83441bc662cfa1978ce8) Importer(815301076,1909f56bfc062723c751e8b465ee728b)  -> (artifact id: '4b335550b7d286149d2a02f3b5a18ff1') in 0.010023 seconds 
  Import took 0.012204 seconds .

========================================================================
Received Import Request.
  Time since last request: 39.092297 seconds.
  path: Assets/Sprites/Strength.png
  artifactKey: Guid(247c9405180e02345b609eaa4666dab4) Importer(815301076,1909f56bfc062723c751e8b465ee728b)
Start importing Assets/Sprites/Strength.png using Guid(247c9405180e02345b609eaa4666dab4) Importer(815301076,1909f56bfc062723c751e8b465ee728b)  -> (artifact id: 'a75b81a5face73ecddff9736c19c5a61') in 0.010590 seconds 
  Import took 0.012838 seconds .

========================================================================
Received Import Request.
  Time since last request: 31.176118 seconds.
  path: Assets/Sprites/Portraits and Characters
  artifactKey: Guid(4ec1bb2bb2878e74d81445a638641e71) Importer(815301076,1909f56bfc062723c751e8b465ee728b)
Start importing Assets/Sprites/Portraits and Characters using Guid(4ec1bb2bb2878e74d81445a638641e71) Importer(815301076,1909f56bfc062723c751e8b465ee728b)  -> (artifact id: '9ad0a6c4da3fb890916dc2cc2253bc23') in 0.005043 seconds 
  Import took 0.007339 seconds .

========================================================================
Received Import Request.
  Time since last request: 7.175520 seconds.
  path: Assets/Sprites/Characters
  artifactKey: Guid(4ec1bb2bb2878e74d81445a638641e71) Importer(815301076,1909f56bfc062723c751e8b465ee728b)
Start importing Assets/Sprites/Characters using Guid(4ec1bb2bb2878e74d81445a638641e71) Importer(815301076,1909f56bfc062723c751e8b465ee728b)  -> (artifact id: '011551b61421545793439f5403750baf') in 0.005825 seconds 
  Import took 0.007946 seconds .

========================================================================
Received Import Request.
  Time since last request: 19.009088 seconds.
  path: Assets/Sprites/Currency
  artifactKey: Guid(3f6e94a26551ce44ea0ab6ddbc7154f4) Importer(815301076,1909f56bfc062723c751e8b465ee728b)
Start importing Assets/Sprites/Currency using Guid(3f6e94a26551ce44ea0ab6ddbc7154f4) Importer(815301076,1909f56bfc062723c751e8b465ee728b)  -> (artifact id: 'd2deed765f88a4e3058ec2dc922291dc') in 0.005649 seconds 
  Import took 0.007744 seconds .

========================================================================
Received Import Request.
  Time since last request: 23.113816 seconds.
  path: Assets/Sprites/Interface & GUI
  artifactKey: Guid(c515dc884ef543c46aceaf0c9fdb26d9) Importer(815301076,1909f56bfc062723c751e8b465ee728b)
Start importing Assets/Sprites/Interface & GUI using Guid(c515dc884ef543c46aceaf0c9fdb26d9) Importer(815301076,1909f56bfc062723c751e8b465ee728b)  -> (artifact id: '3a8fd3562b7e7bc50fb30725527618f3') in 0.005979 seconds 
  Import took 0.007978 seconds .

========================================================================
Received Import Request.
  Time since last request: 14.324092 seconds.
  path: Assets/Sprites/Stats
  artifactKey: Guid(a6135ac0db216e146b1569ec262f1541) Importer(815301076,1909f56bfc062723c751e8b465ee728b)
Start importing Assets/Sprites/Stats using Guid(a6135ac0db216e146b1569ec262f1541) Importer(815301076,1909f56bfc062723c751e8b465ee728b)  -> (artifact id: 'c13dde460c3bcf89fed35614f85cdbe9') in 0.006558 seconds 
  Import took 0.009073 seconds .

========================================================================
Received Import Request.
  Time since last request: 4.457458 seconds.
  path: Assets/Sprites/Health.png
  artifactKey: Guid(47bafbf197bf3b24d84aa5e6833a75be) Importer(815301076,1909f56bfc062723c751e8b465ee728b)
Start importing Assets/Sprites/Health.png using Guid(47bafbf197bf3b24d84aa5e6833a75be) Importer(815301076,1909f56bfc062723c751e8b465ee728b)  -> (artifact id: '46813053b4ca9bbb5fda888c67ed5d2b') in 0.007837 seconds 
  Import took 0.010349 seconds .

========================================================================
Received Import Request.
  Time since last request: 0.005858 seconds.
  path: Assets/Sprites/Health.png
  artifactKey: Guid(47bafbf197bf3b24d84aa5e6833a75be) Importer(815301076,1909f56bfc062723c751e8b465ee728b)
Start importing Assets/Sprites/Health.png using Guid(47bafbf197bf3b24d84aa5e6833a75be) Importer(815301076,1909f56bfc062723c751e8b465ee728b)  -> (artifact id: '46813053b4ca9bbb5fda888c67ed5d2b') in 0.007168 seconds 
  Import took 0.009429 seconds .

========================================================================
Received Import Request.
  Time since last request: 5.004614 seconds.
  path: Assets/Sprites/Plus.png
  artifactKey: Guid(b097bba9810a9f44ca355b92cc4e19d8) Importer(815301076,1909f56bfc062723c751e8b465ee728b)
Start importing Assets/Sprites/Plus.png using Guid(b097bba9810a9f44ca355b92cc4e19d8) Importer(815301076,1909f56bfc062723c751e8b465ee728b)  -> (artifact id: '0a9bcba7c2a80019657993911c0f3411') in 0.009065 seconds 
  Import took 0.011097 seconds .

========================================================================
Received Import Request.
  Time since last request: 2.595381 seconds.
  path: Assets/Sprites/minus.png
  artifactKey: Guid(4511ce74a9cbae04a8c06baed743bdc3) Importer(815301076,1909f56bfc062723c751e8b465ee728b)
Start importing Assets/Sprites/minus.png using Guid(4511ce74a9cbae04a8c06baed743bdc3) Importer(815301076,1909f56bfc062723c751e8b465ee728b)  -> (artifact id: 'b70b8ba746c3fc0a1c8b85f3556e8541') in 0.010057 seconds 
  Import took 0.012535 seconds .

========================================================================
Received Import Request.
  Time since last request: 21.885137 seconds.
  path: Assets/Sprites/House.png
  artifactKey: Guid(8ad84e5c2154aee43ac5061dcc2eb515) Importer(815301076,1909f56bfc062723c751e8b465ee728b)
Start importing Assets/Sprites/House.png using Guid(8ad84e5c2154aee43ac5061dcc2eb515) Importer(815301076,1909f56bfc062723c751e8b465ee728b)  -> (artifact id: 'b60ec2e89b766399367c40fd2753627f') in 0.012852 seconds 
  Import took 0.015572 seconds .

========================================================================
Received Import Request.
  Time since last request: 5.902712 seconds.
  path: Assets/Sprites/House.png
  artifactKey: Guid(8ad84e5c2154aee43ac5061dcc2eb515) Importer(815301076,1909f56bfc062723c751e8b465ee728b)
Start importing Assets/Sprites/House.png using Guid(8ad84e5c2154aee43ac5061dcc2eb515) Importer(815301076,1909f56bfc062723c751e8b465ee728b)  -> (artifact id: '599e0e2247b9617490663d8a2c506241') in 0.008185 seconds 
  Import took 0.010514 seconds .

========================================================================
Received Import Request.
  Time since last request: 0.000739 seconds.
  path: Assets/Sprites/House.png
  artifactKey: Guid(8ad84e5c2154aee43ac5061dcc2eb515) Importer(815301076,1909f56bfc062723c751e8b465ee728b)
Start importing Assets/Sprites/House.png using Guid(8ad84e5c2154aee43ac5061dcc2eb515) Importer(815301076,1909f56bfc062723c751e8b465ee728b)  -> (artifact id: '599e0e2247b9617490663d8a2c506241') in 0.005651 seconds 
  Import took 0.007830 seconds .

========================================================================
Received Import Request.
  Time since last request: 3.739858 seconds.
  path: Assets/Sprites/Stockade.png
  artifactKey: Guid(dd94631fce48265499f092a4e90f2640) Importer(815301076,1909f56bfc062723c751e8b465ee728b)
Start importing Assets/Sprites/Stockade.png using Guid(dd94631fce48265499f092a4e90f2640) Importer(815301076,1909f56bfc062723c751e8b465ee728b)  -> (artifact id: '01c9f000634a24f7d19ce28d7f935ef2') in 0.011337 seconds 
  Import took 0.013917 seconds .

========================================================================
Received Import Request.
  Time since last request: 11.979937 seconds.
  path: Assets/Sprites/Movement.png
  artifactKey: Guid(ae027e95a66a83441bc662cfa1978ce8) Importer(815301076,1909f56bfc062723c751e8b465ee728b)
Start importing Assets/Sprites/Movement.png using Guid(ae027e95a66a83441bc662cfa1978ce8) Importer(815301076,1909f56bfc062723c751e8b465ee728b)  -> (artifact id: '70ebbbba30d7c1f804db411380989bbe') in 0.010180 seconds 
  Import took 0.012268 seconds .

========================================================================
Received Import Request.
  Time since last request: 98.467768 seconds.
  path: Assets/Sprites/Strength.png
  artifactKey: Guid(247c9405180e02345b609eaa4666dab4) Importer(815301076,1909f56bfc062723c751e8b465ee728b)
Start importing Assets/Sprites/Strength.png using Guid(247c9405180e02345b609eaa4666dab4) Importer(815301076,1909f56bfc062723c751e8b465ee728b)  -> (artifact id: '4d7715b73b295d2bfedabf0b053a9e01') in 0.009928 seconds 
  Import took 0.012227 seconds .

========================================================================
Received Import Request.
  Time since last request: 1187.856035 seconds.
  path: Assets/Sprites/Outpost.png
  artifactKey: Guid(715e1eef1dc058e4291a831a256e5fd4) Importer(815301076,1909f56bfc062723c751e8b465ee728b)
Start importing Assets/Sprites/Outpost.png using Guid(715e1eef1dc058e4291a831a256e5fd4) Importer(815301076,1909f56bfc062723c751e8b465ee728b)  -> (artifact id: '157627c98be06072443649def5289191') in 0.011779 seconds 
  Import took 0.014785 seconds .

========================================================================
Received Import Request.
  Time since last request: 2.470812 seconds.
  path: Assets/Sprites/Shack.png
  artifactKey: Guid(57819bf32cc4a684999be86a3e79d3b8) Importer(815301076,1909f56bfc062723c751e8b465ee728b)
Start importing Assets/Sprites/Shack.png using Guid(57819bf32cc4a684999be86a3e79d3b8) Importer(815301076,1909f56bfc062723c751e8b465ee728b)  -> (artifact id: '94c457fd8116886a464245ef4f83e7c1') in 0.011144 seconds 
  Import took 0.013697 seconds .

========================================================================
Received Import Request.
  Time since last request: 2.862551 seconds.
  path: Assets/Sprites/Small Well.png
  artifactKey: Guid(400b17b415e598f4c911b8ee7c5e49a4) Importer(815301076,1909f56bfc062723c751e8b465ee728b)
Start importing Assets/Sprites/Small Well.png using Guid(400b17b415e598f4c911b8ee7c5e49a4) Importer(815301076,1909f56bfc062723c751e8b465ee728b)  -> (artifact id: '3f59bbc48df1a9001e9623cf477f5f2e') in 0.015248 seconds 
  Import took 0.022498 seconds .

========================================================================
Received Import Request.
  Time since last request: 2.448173 seconds.
  path: Assets/Sprites/Square Hut.png
  artifactKey: Guid(1d9c369db8c135640b8decb11ab6e86a) Importer(815301076,1909f56bfc062723c751e8b465ee728b)
Start importing Assets/Sprites/Square Hut.png using Guid(1d9c369db8c135640b8decb11ab6e86a) Importer(815301076,1909f56bfc062723c751e8b465ee728b)  -> (artifact id: '0f0f1489249f22c606858305e53bb66d') in 0.011747 seconds 
  Import took 0.014409 seconds .

========================================================================
Received Import Request.
  Time since last request: 109.216720 seconds.
  path: Assets/Sprites/Gravestone.png
  artifactKey: Guid(3c9bf102653d20748ac3d665d11f364c) Importer(815301076,1909f56bfc062723c751e8b465ee728b)
Start importing Assets/Sprites/Gravestone.png using Guid(3c9bf102653d20748ac3d665d11f364c) Importer(815301076,1909f56bfc062723c751e8b465ee728b)  -> (artifact id: 'e7b1858126d56141ab45f49092514092') in 0.010496 seconds 
  Import took 0.013574 seconds .

========================================================================
Received Import Request.
  Time since last request: 68.251880 seconds.
  path: Assets/Sprites/Military Tent.png
  artifactKey: Guid(c1e1d445f9010bc439e1528a9953a036) Importer(815301076,1909f56bfc062723c751e8b465ee728b)
Start importing Assets/Sprites/Military Tent.png using Guid(c1e1d445f9010bc439e1528a9953a036) Importer(815301076,1909f56bfc062723c751e8b465ee728b)  -> (artifact id: '03f6853581904ba6241816dd474c59db') in 0.009315 seconds 
  Import took 0.011845 seconds .

========================================================================
Received Import Request.
  Time since last request: 2.381171 seconds.
  path: Assets/Sprites/Tent.png
  artifactKey: Guid(6d7b4f7325a080d41915e5933ce06942) Importer(815301076,1909f56bfc062723c751e8b465ee728b)
Start importing Assets/Sprites/Tent.png using Guid(6d7b4f7325a080d41915e5933ce06942) Importer(815301076,1909f56bfc062723c751e8b465ee728b)  -> (artifact id: 'c4b0298a7d484595d5046e9c74b398d7') in 0.008566 seconds 
  Import took 0.010800 seconds .

